2023-03-17 19:17:46,260 INFO o.a.j.u.JMeterUtils: Setting Locale to en_IN
2023-03-17 19:17:46,285 INFO o.a.j.JMeter: Loading user properties from: user.properties
2023-03-17 19:17:46,286 INFO o.a.j.JMeter: Loading system properties from: system.properties
2023-03-17 19:17:46,306 INFO o.a.j.JMeter: Copyright (c) 1998-2022 The Apache Software Foundation
2023-03-17 19:17:46,307 INFO o.a.j.JMeter: Version 5.5
2023-03-17 19:17:46,307 INFO o.a.j.JMeter: java.version=1.8.0_131
2023-03-17 19:17:46,307 INFO o.a.j.JMeter: java.vm.name=Java HotSpot(TM) 64-Bit Server VM
2023-03-17 19:17:46,307 INFO o.a.j.JMeter: os.name=Windows 10
2023-03-17 19:17:46,307 INFO o.a.j.JMeter: os.arch=amd64
2023-03-17 19:17:46,307 INFO o.a.j.JMeter: os.version=10.0
2023-03-17 19:17:46,308 INFO o.a.j.JMeter: file.encoding=Cp1252
2023-03-17 19:17:46,308 INFO o.a.j.JMeter: java.awt.headless=null
2023-03-17 19:17:46,308 INFO o.a.j.JMeter: Max memory     =1840250880
2023-03-17 19:17:46,308 INFO o.a.j.JMeter: Available Processors =4
2023-03-17 19:17:46,322 INFO o.a.j.JMeter: Default Locale=English (India)
2023-03-17 19:17:46,323 INFO o.a.j.JMeter: JMeter  Locale=English (India)
2023-03-17 19:17:46,323 INFO o.a.j.JMeter: JMeterHome=F:\Spring Notes\Microservices Practice\apache-jmeter-5.5
2023-03-17 19:17:46,323 INFO o.a.j.JMeter: user.dir  =F:\Spring Notes\Microservices Practice\apache-jmeter-5.5\bin
2023-03-17 19:17:46,324 INFO o.a.j.JMeter: PWD       =F:\Spring Notes\Microservices Practice\apache-jmeter-5.5\bin
2023-03-17 19:17:46,325 INFO o.a.j.JMeter: IP: 192.168.1.2 Name: DESKTOP-S7T3HP5 FullName: DESKTOP-S7T3HP5
2023-03-17 19:17:46,383 INFO o.a.j.JMeter: Loaded icon properties from org/apache/jmeter/images/icon.properties
2023-03-17 19:17:46,813 INFO o.a.j.JMeterGuiLauncher: Setting LAF to: com.github.weisj.darklaf.DarkLaf:com.github.weisj.darklaf.theme.DarculaTheme
2023-03-17 19:19:39,108 INFO o.a.j.p.h.s.HTTPSamplerBase: Parser for text/html is org.apache.jmeter.protocol.http.parser.LagartoBasedHtmlParser
2023-03-17 19:19:39,109 INFO o.a.j.p.h.s.HTTPSamplerBase: Parser for application/xhtml+xml is org.apache.jmeter.protocol.http.parser.LagartoBasedHtmlParser
2023-03-17 19:19:39,109 INFO o.a.j.p.h.s.HTTPSamplerBase: Parser for application/xml is org.apache.jmeter.protocol.http.parser.LagartoBasedHtmlParser
2023-03-17 19:19:39,109 INFO o.a.j.p.h.s.HTTPSamplerBase: Parser for text/xml is org.apache.jmeter.protocol.http.parser.LagartoBasedHtmlParser
2023-03-17 19:19:39,109 INFO o.a.j.p.h.s.HTTPSamplerBase: Parser for text/vnd.wap.wml is org.apache.jmeter.protocol.http.parser.RegexpHTMLParser
2023-03-17 19:19:39,109 INFO o.a.j.p.h.s.HTTPSamplerBase: Parser for text/css is org.apache.jmeter.protocol.http.parser.CssParser
2023-03-17 19:21:00,439 INFO o.a.j.s.SampleResult: Note: Sample TimeStamps are START times
2023-03-17 19:21:00,440 INFO o.a.j.s.SampleResult: sampleresult.default.encoding is set to ISO-8859-1
2023-03-17 19:21:00,440 INFO o.a.j.s.SampleResult: sampleresult.useNanoTime=true
2023-03-17 19:21:00,440 INFO o.a.j.s.SampleResult: sampleresult.nanoThreadSleep=5000
2023-03-17 19:22:08,990 INFO o.a.j.s.FileServer: Default base='F:\Spring Notes\Microservices Practice\apache-jmeter-5.5\bin'
2023-03-17 19:22:08,992 INFO o.a.j.s.FileServer: Set new base='F:\Spring Notes\Microservices Practice\apache-jmeter-5.5\bin'
2023-03-17 19:22:09,355 INFO o.a.j.s.SaveService: Testplan (JMX) version: 2.2. Testlog (JTL) version: 2.2
2023-03-17 19:22:09,394 INFO o.a.j.s.SaveService: Using SaveService properties file encoding UTF-8
2023-03-17 19:22:09,398 INFO o.a.j.s.SaveService: Using SaveService properties version 5.0
2023-03-17 19:22:09,463 INFO o.a.j.e.StandardJMeterEngine: Running the test!
2023-03-17 19:22:09,465 INFO o.a.j.s.SampleEvent: List of sample_variables: []
2023-03-17 19:22:09,465 INFO o.a.j.s.SampleEvent: List of sample_variables: []
2023-03-17 19:22:09,468 INFO o.a.j.e.u.CompoundVariable: Note: Function class names must contain the string: '.functions.'
2023-03-17 19:22:09,469 INFO o.a.j.e.u.CompoundVariable: Note: Function class names must not contain the string: '.gui.'
2023-03-17 19:22:10,106 INFO o.a.j.g.u.JMeterMenuBar: setRunning(true, *local*)
2023-03-17 19:22:10,419 INFO o.a.j.e.StandardJMeterEngine: Starting ThreadGroup: 1 : Thread Group
2023-03-17 19:22:10,419 INFO o.a.j.e.StandardJMeterEngine: Starting 15 threads for group Thread Group.
2023-03-17 19:22:10,419 INFO o.a.j.e.StandardJMeterEngine: Thread will continue on error
2023-03-17 19:22:10,420 INFO o.a.j.t.ThreadGroup: Starting thread group... number=1 threads=15 ramp-up=1 delayedStart=false
2023-03-17 19:22:10,437 INFO o.a.j.t.ThreadGroup: Started thread group number 1
2023-03-17 19:22:10,437 INFO o.a.j.e.StandardJMeterEngine: All thread groups have been started
2023-03-17 19:22:10,446 INFO o.a.j.t.JMeterThread: Thread started: Thread Group 1-1
2023-03-17 19:22:10,480 INFO o.a.j.p.h.s.HTTPHCAbstractImpl: Local host = DESKTOP-S7T3HP5
2023-03-17 19:22:10,502 INFO o.a.j.p.h.s.HTTPHC4Impl: HTTP request retry count = 0
2023-03-17 19:22:10,509 INFO o.a.j.t.JMeterThread: Thread started: Thread Group 1-2
2023-03-17 19:22:10,575 INFO o.a.j.t.JMeterThread: Thread started: Thread Group 1-3
2023-03-17 19:22:10,641 INFO o.a.j.t.JMeterThread: Thread started: Thread Group 1-4
2023-03-17 19:22:10,708 INFO o.a.j.t.JMeterThread: Thread started: Thread Group 1-5
2023-03-17 19:22:10,774 INFO o.a.j.t.JMeterThread: Thread started: Thread Group 1-6
2023-03-17 19:22:10,828 INFO o.a.j.t.JMeterThread: Thread is done: Thread Group 1-4
2023-03-17 19:22:10,829 INFO o.a.j.t.JMeterThread: Thread is done: Thread Group 1-1
2023-03-17 19:22:10,829 INFO o.a.j.t.JMeterThread: Thread finished: Thread Group 1-4
2023-03-17 19:22:10,829 INFO o.a.j.t.JMeterThread: Thread finished: Thread Group 1-1
2023-03-17 19:22:10,829 INFO o.a.j.t.JMeterThread: Thread is done: Thread Group 1-2
2023-03-17 19:22:10,829 INFO o.a.j.t.JMeterThread: Thread is done: Thread Group 1-6
2023-03-17 19:22:10,829 INFO o.a.j.t.JMeterThread: Thread finished: Thread Group 1-2
2023-03-17 19:22:10,829 INFO o.a.j.t.JMeterThread: Thread finished: Thread Group 1-6
2023-03-17 19:22:10,840 INFO o.a.j.t.JMeterThread: Thread started: Thread Group 1-7
2023-03-17 19:22:10,853 INFO o.a.j.t.JMeterThread: Thread is done: Thread Group 1-7
2023-03-17 19:22:10,854 INFO o.a.j.t.JMeterThread: Thread finished: Thread Group 1-7
2023-03-17 19:22:10,866 INFO o.a.j.t.JMeterThread: Thread is done: Thread Group 1-3
2023-03-17 19:22:10,867 INFO o.a.j.t.JMeterThread: Thread finished: Thread Group 1-3
2023-03-17 19:22:10,879 INFO o.a.j.t.JMeterThread: Thread is done: Thread Group 1-5
2023-03-17 19:22:10,879 INFO o.a.j.t.JMeterThread: Thread finished: Thread Group 1-5
2023-03-17 19:22:10,908 INFO o.a.j.t.JMeterThread: Thread started: Thread Group 1-8
2023-03-17 19:22:10,924 INFO o.a.j.t.JMeterThread: Thread is done: Thread Group 1-8
2023-03-17 19:22:10,924 INFO o.a.j.t.JMeterThread: Thread finished: Thread Group 1-8
2023-03-17 19:22:10,975 INFO o.a.j.t.JMeterThread: Thread started: Thread Group 1-9
2023-03-17 19:22:10,983 INFO o.a.j.t.JMeterThread: Thread is done: Thread Group 1-9
2023-03-17 19:22:10,984 INFO o.a.j.t.JMeterThread: Thread finished: Thread Group 1-9
2023-03-17 19:22:11,040 INFO o.a.j.t.JMeterThread: Thread started: Thread Group 1-10
2023-03-17 19:22:11,048 INFO o.a.j.t.JMeterThread: Thread is done: Thread Group 1-10
2023-03-17 19:22:11,048 INFO o.a.j.t.JMeterThread: Thread finished: Thread Group 1-10
2023-03-17 19:22:11,107 INFO o.a.j.t.JMeterThread: Thread started: Thread Group 1-11
2023-03-17 19:22:11,124 INFO o.a.j.t.JMeterThread: Thread is done: Thread Group 1-11
2023-03-17 19:22:11,124 INFO o.a.j.t.JMeterThread: Thread finished: Thread Group 1-11
2023-03-17 19:22:11,174 INFO o.a.j.t.JMeterThread: Thread started: Thread Group 1-12
2023-03-17 19:22:11,190 INFO o.a.j.t.JMeterThread: Thread is done: Thread Group 1-12
2023-03-17 19:22:11,191 INFO o.a.j.t.JMeterThread: Thread finished: Thread Group 1-12
2023-03-17 19:22:11,240 INFO o.a.j.t.JMeterThread: Thread started: Thread Group 1-13
2023-03-17 19:22:11,250 INFO o.a.j.t.JMeterThread: Thread is done: Thread Group 1-13
2023-03-17 19:22:11,251 INFO o.a.j.t.JMeterThread: Thread finished: Thread Group 1-13
2023-03-17 19:22:11,306 INFO o.a.j.t.JMeterThread: Thread started: Thread Group 1-14
2023-03-17 19:22:11,316 INFO o.a.j.t.JMeterThread: Thread is done: Thread Group 1-14
2023-03-17 19:22:11,317 INFO o.a.j.t.JMeterThread: Thread finished: Thread Group 1-14
2023-03-17 19:22:11,371 INFO o.a.j.t.JMeterThread: Thread started: Thread Group 1-15
2023-03-17 19:22:11,388 INFO o.a.j.t.JMeterThread: Thread is done: Thread Group 1-15
2023-03-17 19:22:11,388 INFO o.a.j.t.JMeterThread: Thread finished: Thread Group 1-15
2023-03-17 19:22:11,392 INFO o.a.j.e.StandardJMeterEngine: Notifying test listeners of end of test
2023-03-17 19:22:11,393 INFO o.a.j.g.u.JMeterMenuBar: setRunning(false, *local*)
2023-03-17 19:24:44,528 INFO o.a.j.e.StandardJMeterEngine: Running the test!
2023-03-17 19:24:44,528 INFO o.a.j.s.SampleEvent: List of sample_variables: []
2023-03-17 19:24:44,531 INFO o.a.j.g.u.JMeterMenuBar: setRunning(true, *local*)
2023-03-17 19:24:44,739 INFO o.a.j.e.StandardJMeterEngine: Starting ThreadGroup: 1 : Thread Group
2023-03-17 19:24:44,739 INFO o.a.j.e.StandardJMeterEngine: Starting 15 threads for group Thread Group.
2023-03-17 19:24:44,740 INFO o.a.j.e.StandardJMeterEngine: Thread will continue on error
2023-03-17 19:24:44,740 INFO o.a.j.t.ThreadGroup: Starting thread group... number=1 threads=15 ramp-up=1 delayedStart=false
2023-03-17 19:24:44,747 INFO o.a.j.t.ThreadGroup: Started thread group number 1
2023-03-17 19:24:44,747 INFO o.a.j.e.StandardJMeterEngine: All thread groups have been started
2023-03-17 19:24:44,751 INFO o.a.j.t.JMeterThread: Thread started: Thread Group 1-1
2023-03-17 19:24:44,818 INFO o.a.j.t.JMeterThread: Thread started: Thread Group 1-2
2023-03-17 19:24:44,884 INFO o.a.j.t.JMeterThread: Thread started: Thread Group 1-3
2023-03-17 19:24:44,895 INFO o.a.j.t.JMeterThread: Thread is done: Thread Group 1-2
2023-03-17 19:24:44,896 INFO o.a.j.t.JMeterThread: Thread finished: Thread Group 1-2
2023-03-17 19:24:44,900 INFO o.a.j.t.JMeterThread: Thread is done: Thread Group 1-1
2023-03-17 19:24:44,901 INFO o.a.j.t.JMeterThread: Thread finished: Thread Group 1-1
2023-03-17 19:24:44,952 INFO o.a.j.t.JMeterThread: Thread started: Thread Group 1-4
2023-03-17 19:24:45,019 INFO o.a.j.t.JMeterThread: Thread started: Thread Group 1-5
2023-03-17 19:24:45,085 INFO o.a.j.t.JMeterThread: Thread started: Thread Group 1-6
2023-03-17 19:24:45,151 INFO o.a.j.t.JMeterThread: Thread started: Thread Group 1-7
2023-03-17 19:24:45,218 INFO o.a.j.t.JMeterThread: Thread started: Thread Group 1-8
2023-03-17 19:24:45,283 INFO o.a.j.t.JMeterThread: Thread started: Thread Group 1-9
2023-03-17 19:24:45,353 INFO o.a.j.t.JMeterThread: Thread started: Thread Group 1-10
2023-03-17 19:24:45,420 INFO o.a.j.t.JMeterThread: Thread started: Thread Group 1-11
2023-03-17 19:24:45,487 INFO o.a.j.t.JMeterThread: Thread started: Thread Group 1-12
2023-03-17 19:24:45,549 INFO o.a.j.t.JMeterThread: Thread started: Thread Group 1-13
2023-03-17 19:24:45,620 INFO o.a.j.t.JMeterThread: Thread started: Thread Group 1-14
2023-03-17 19:24:45,686 INFO o.a.j.t.JMeterThread: Thread started: Thread Group 1-15
2023-03-17 19:24:46,915 INFO o.a.j.t.JMeterThread: Thread is done: Thread Group 1-3
2023-03-17 19:24:46,916 INFO o.a.j.t.JMeterThread: Thread finished: Thread Group 1-3
2023-03-17 19:24:46,978 INFO o.a.j.t.JMeterThread: Thread is done: Thread Group 1-4
2023-03-17 19:24:46,978 INFO o.a.j.t.JMeterThread: Thread finished: Thread Group 1-4
2023-03-17 19:24:47,039 INFO o.a.j.t.JMeterThread: Thread is done: Thread Group 1-5
2023-03-17 19:24:47,039 INFO o.a.j.t.JMeterThread: Thread finished: Thread Group 1-5
2023-03-17 19:24:47,103 INFO o.a.j.t.JMeterThread: Thread is done: Thread Group 1-6
2023-03-17 19:24:47,103 INFO o.a.j.t.JMeterThread: Thread finished: Thread Group 1-6
2023-03-17 19:24:47,180 INFO o.a.j.t.JMeterThread: Thread is done: Thread Group 1-7
2023-03-17 19:24:47,181 INFO o.a.j.t.JMeterThread: Thread finished: Thread Group 1-7
2023-03-17 19:24:47,240 INFO o.a.j.t.JMeterThread: Thread is done: Thread Group 1-8
2023-03-17 19:24:47,241 INFO o.a.j.t.JMeterThread: Thread finished: Thread Group 1-8
2023-03-17 19:24:47,305 INFO o.a.j.t.JMeterThread: Thread is done: Thread Group 1-9
2023-03-17 19:24:47,306 INFO o.a.j.t.JMeterThread: Thread finished: Thread Group 1-9
2023-03-17 19:24:47,363 INFO o.a.j.t.JMeterThread: Thread is done: Thread Group 1-10
2023-03-17 19:24:47,363 INFO o.a.j.t.JMeterThread: Thread finished: Thread Group 1-10
2023-03-17 19:24:47,445 INFO o.a.j.t.JMeterThread: Thread is done: Thread Group 1-11
2023-03-17 19:24:47,445 INFO o.a.j.t.JMeterThread: Thread finished: Thread Group 1-11
2023-03-17 19:24:47,504 INFO o.a.j.t.JMeterThread: Thread is done: Thread Group 1-12
2023-03-17 19:24:47,504 INFO o.a.j.t.JMeterThread: Thread finished: Thread Group 1-12
2023-03-17 19:24:47,584 INFO o.a.j.t.JMeterThread: Thread is done: Thread Group 1-13
2023-03-17 19:24:47,584 INFO o.a.j.t.JMeterThread: Thread finished: Thread Group 1-13
2023-03-17 19:24:47,647 INFO o.a.j.t.JMeterThread: Thread is done: Thread Group 1-14
2023-03-17 19:24:47,647 INFO o.a.j.t.JMeterThread: Thread finished: Thread Group 1-14
2023-03-17 19:24:47,707 INFO o.a.j.t.JMeterThread: Thread is done: Thread Group 1-15
2023-03-17 19:24:47,707 INFO o.a.j.t.JMeterThread: Thread finished: Thread Group 1-15
2023-03-17 19:24:47,709 INFO o.a.j.e.StandardJMeterEngine: Notifying test listeners of end of test
2023-03-17 19:24:47,710 INFO o.a.j.g.u.JMeterMenuBar: setRunning(false, *local*)
2023-03-17 19:26:07,867 INFO o.a.j.e.StandardJMeterEngine: Running the test!
2023-03-17 19:26:07,868 INFO o.a.j.s.SampleEvent: List of sample_variables: []
2023-03-17 19:26:07,870 INFO o.a.j.g.u.JMeterMenuBar: setRunning(true, *local*)
2023-03-17 19:26:08,063 INFO o.a.j.e.StandardJMeterEngine: Starting ThreadGroup: 1 : Thread Group
2023-03-17 19:26:08,063 INFO o.a.j.e.StandardJMeterEngine: Starting 15 threads for group Thread Group.
2023-03-17 19:26:08,063 INFO o.a.j.e.StandardJMeterEngine: Thread will continue on error
2023-03-17 19:26:08,064 INFO o.a.j.t.ThreadGroup: Starting thread group... number=1 threads=15 ramp-up=1 delayedStart=false
2023-03-17 19:26:08,070 INFO o.a.j.t.JMeterThread: Thread started: Thread Group 1-1
2023-03-17 19:26:08,073 INFO o.a.j.t.ThreadGroup: Started thread group number 1
2023-03-17 19:26:08,073 INFO o.a.j.e.StandardJMeterEngine: All thread groups have been started
2023-03-17 19:26:08,143 INFO o.a.j.t.JMeterThread: Thread started: Thread Group 1-2
2023-03-17 19:26:08,159 INFO o.a.j.t.JMeterThread: Thread is done: Thread Group 1-1
2023-03-17 19:26:08,159 INFO o.a.j.t.JMeterThread: Thread finished: Thread Group 1-1
2023-03-17 19:26:08,209 INFO o.a.j.t.JMeterThread: Thread started: Thread Group 1-3
2023-03-17 19:26:08,243 INFO o.a.j.t.JMeterThread: Thread is done: Thread Group 1-2
2023-03-17 19:26:08,243 INFO o.a.j.t.JMeterThread: Thread finished: Thread Group 1-2
2023-03-17 19:26:08,270 INFO o.a.j.t.JMeterThread: Thread started: Thread Group 1-4
2023-03-17 19:26:08,336 INFO o.a.j.t.JMeterThread: Thread started: Thread Group 1-5
2023-03-17 19:26:08,402 INFO o.a.j.t.JMeterThread: Thread started: Thread Group 1-6
2023-03-17 19:26:08,477 INFO o.a.j.t.JMeterThread: Thread is done: Thread Group 1-4
2023-03-17 19:26:08,477 INFO o.a.j.t.JMeterThread: Thread finished: Thread Group 1-4
2023-03-17 19:26:08,484 INFO o.a.j.t.JMeterThread: Thread started: Thread Group 1-7
2023-03-17 19:26:08,485 INFO o.a.j.t.JMeterThread: Thread is done: Thread Group 1-3
2023-03-17 19:26:08,485 INFO o.a.j.t.JMeterThread: Thread finished: Thread Group 1-3
2023-03-17 19:26:08,554 INFO o.a.j.t.JMeterThread: Thread started: Thread Group 1-8
2023-03-17 19:26:08,620 INFO o.a.j.t.JMeterThread: Thread started: Thread Group 1-9
2023-03-17 19:26:08,687 INFO o.a.j.t.JMeterThread: Thread started: Thread Group 1-10
2023-03-17 19:26:08,754 INFO o.a.j.t.JMeterThread: Thread started: Thread Group 1-11
2023-03-17 19:26:08,820 INFO o.a.j.t.JMeterThread: Thread started: Thread Group 1-12
2023-03-17 19:26:08,886 INFO o.a.j.t.JMeterThread: Thread started: Thread Group 1-13
2023-03-17 19:26:08,953 INFO o.a.j.t.JMeterThread: Thread started: Thread Group 1-14
2023-03-17 19:26:09,019 INFO o.a.j.t.JMeterThread: Thread started: Thread Group 1-15
2023-03-17 19:26:10,348 INFO o.a.j.t.JMeterThread: Thread is done: Thread Group 1-5
2023-03-17 19:26:10,348 INFO o.a.j.t.JMeterThread: Thread finished: Thread Group 1-5
2023-03-17 19:26:10,412 INFO o.a.j.t.JMeterThread: Thread is done: Thread Group 1-6
2023-03-17 19:26:10,413 INFO o.a.j.t.JMeterThread: Thread finished: Thread Group 1-6
2023-03-17 19:26:10,501 INFO o.a.j.t.JMeterThread: Thread is done: Thread Group 1-7
2023-03-17 19:26:10,501 INFO o.a.j.t.JMeterThread: Thread finished: Thread Group 1-7
2023-03-17 19:26:10,566 INFO o.a.j.t.JMeterThread: Thread is done: Thread Group 1-8
2023-03-17 19:26:10,566 INFO o.a.j.t.JMeterThread: Thread finished: Thread Group 1-8
2023-03-17 19:26:10,631 INFO o.a.j.t.JMeterThread: Thread is done: Thread Group 1-9
2023-03-17 19:26:10,632 INFO o.a.j.t.JMeterThread: Thread finished: Thread Group 1-9
2023-03-17 19:26:10,698 INFO o.a.j.t.JMeterThread: Thread is done: Thread Group 1-10
2023-03-17 19:26:10,699 INFO o.a.j.t.JMeterThread: Thread finished: Thread Group 1-10
2023-03-17 19:26:10,768 INFO o.a.j.t.JMeterThread: Thread is done: Thread Group 1-11
2023-03-17 19:26:10,768 INFO o.a.j.t.JMeterThread: Thread finished: Thread Group 1-11
2023-03-17 19:26:10,829 INFO o.a.j.t.JMeterThread: Thread is done: Thread Group 1-12
2023-03-17 19:26:10,830 INFO o.a.j.t.JMeterThread: Thread finished: Thread Group 1-12
2023-03-17 19:26:10,897 INFO o.a.j.t.JMeterThread: Thread is done: Thread Group 1-13
2023-03-17 19:26:10,897 INFO o.a.j.t.JMeterThread: Thread finished: Thread Group 1-13
2023-03-17 19:26:10,963 INFO o.a.j.t.JMeterThread: Thread is done: Thread Group 1-14
2023-03-17 19:26:10,964 INFO o.a.j.t.JMeterThread: Thread finished: Thread Group 1-14
2023-03-17 19:26:11,030 INFO o.a.j.t.JMeterThread: Thread is done: Thread Group 1-15
2023-03-17 19:26:11,031 INFO o.a.j.t.JMeterThread: Thread finished: Thread Group 1-15
2023-03-17 19:26:11,032 INFO o.a.j.e.StandardJMeterEngine: Notifying test listeners of end of test
2023-03-17 19:26:11,032 INFO o.a.j.g.u.JMeterMenuBar: setRunning(false, *local*)
